[debug] [2022-11-01T05:48:26.847Z] ----------------------------------------------------------------------
[debug] [2022-11-01T05:48:26.851Z] Command:       C:\Program Files\nodejs\node.exe C:\Users\Developer-EzzeTech\AppData\Roaming\npm\node_modules\firebase-tools\lib\bin\firebase.js init
[debug] [2022-11-01T05:48:26.851Z] CLI Version:   11.15.0
[debug] [2022-11-01T05:48:26.852Z] Platform:      win32
[debug] [2022-11-01T05:48:26.852Z] Node Version:  v16.17.0
[debug] [2022-11-01T05:48:26.861Z] Time:          Tue Nov 01 2022 11:48:26 GMT+0600 (Bangladesh Standard Time)
[debug] [2022-11-01T05:48:26.863Z] ----------------------------------------------------------------------
[debug] 
[debug] [2022-11-01T05:48:26.976Z] > command requires scopes: ["email","openid","https://www.googleapis.com/auth/cloudplatformprojects.readonly","https://www.googleapis.com/auth/firebase","https://www.googleapis.com/auth/cloud-platform"]
[debug] [2022-11-01T05:48:26.977Z] > authorizing via signed-in user (hasibulhasan442@gmail.com)
[info] 
     ######## #### ########  ######## ########     ###     ######  ########
     ##        ##  ##     ## ##       ##     ##  ##   ##  ##       ##
     ######    ##  ########  ######   ########  #########  ######  ######
     ##        ##  ##    ##  ##       ##     ## ##     ##       ## ##
     ##       #### ##     ## ######## ########  ##     ##  ######  ########

You're about to initialize a Firebase project in this directory:

  C:\laragon\www\Moving-Machine\Frontend

Before we get started, keep in mind:

  * You are currently outside your home directory
  * You are initializing within an existing Firebase project directory

