[debug] [2022-10-27T05:08:44.123Z] ----------------------------------------------------------------------
[debug] [2022-10-27T05:08:44.126Z] Command:       C:\Program Files\nodejs\node.exe C:\Users\Developer-EzzeTech\AppData\Roaming\npm\node_modules\firebase-tools\lib\bin\firebase.js init
[debug] [2022-10-27T05:08:44.126Z] CLI Version:   11.15.0
[debug] [2022-10-27T05:08:44.127Z] Platform:      win32
[debug] [2022-10-27T05:08:44.127Z] Node Version:  v16.17.0
[debug] [2022-10-27T05:08:44.135Z] Time:          Thu Oct 27 2022 11:08:44 GMT+0600 (Bangladesh Standard Time)
[debug] [2022-10-27T05:08:44.136Z] ----------------------------------------------------------------------
[debug] 
[debug] [2022-10-27T05:08:44.259Z] > command requires scopes: ["email","openid","https://www.googleapis.com/auth/cloudplatformprojects.readonly","https://www.googleapis.com/auth/firebase","https://www.googleapis.com/auth/cloud-platform"]
[debug] [2022-10-27T05:08:44.260Z] > authorizing via signed-in user (hasibulhasan442@gmail.com)
[info] 
     ######## #### ########  ######## ########     ###     ######  ########
     ##        ##  ##     ## ##       ##     ##  ##   ##  ##       ##
     ######    ##  ########  ######   ########  #########  ######  ######
     ##        ##  ##    ##  ##       ##     ## ##     ##       ## ##
     ##       #### ##     ## ######## ########  ##     ##  ######  ########

You're about to initialize a Firebase project in this directory:

  C:\laragon\www\Moving-Machine\V2

Before we get started, keep in mind:

  * You are currently outside your home directory
  * You are initializing within an existing Firebase project directory

[info] 
=== Project Setup
[info] 
[info] First, let's associate this project directory with a Firebase project.
[info] You can create multiple project aliases by running firebase use --add, 
[info] but for now we'll just set up a default project.
[info] 
[debug] [2022-10-27T05:09:02.477Z] Using project from CLI flag: movingmachine-d1536
[debug] [2022-10-27T05:09:02.492Z] > refreshing access token with scopes: []
[debug] [2022-10-27T05:09:02.497Z] >>> [apiv2][query] POST https://www.googleapis.com/oauth2/v3/token [none]
[debug] [2022-10-27T05:09:02.498Z] >>> [apiv2][body] POST https://www.googleapis.com/oauth2/v3/token [omitted]
[debug] [2022-10-27T05:09:02.872Z] <<< [apiv2][status] POST https://www.googleapis.com/oauth2/v3/token 200
[debug] [2022-10-27T05:09:02.872Z] <<< [apiv2][body] POST https://www.googleapis.com/oauth2/v3/token [omitted]
[debug] [2022-10-27T05:09:02.885Z] >>> [apiv2][query] GET https://firebase.googleapis.com/v1beta1/projects/movingmachine-d1536 [none]
[debug] [2022-10-27T05:09:03.450Z] <<< [apiv2][status] GET https://firebase.googleapis.com/v1beta1/projects/movingmachine-d1536 200
[debug] [2022-10-27T05:09:03.450Z] <<< [apiv2][body] GET https://firebase.googleapis.com/v1beta1/projects/movingmachine-d1536 {"projectId":"movingmachine-d1536","projectNumber":"1089311360051","displayName":"movingmachine","name":"projects/movingmachine-d1536","resources":{"hostingSite":"movingmachine-d1536"},"state":"ACTIVE","etag":"1_851c6439-64f7-4dec-b83a-856854acb2b2"}
[info] i  Using project movingmachine-d1536 (movingmachine) 
[info] 
=== Hosting Setup
[info] 
[info] Your public directory is the folder (relative to your project directory) that
[info] will contain Hosting assets to be uploaded with firebase deploy. If you
[info] have a build process for your assets, use your build's output directory.
[info] 
